app/build/intermediates/manifest_merge_blame_file/debug/manifest-merger-blame-debug-report.txt
1<?xml version="1.0" encoding="utf-8"?>
2<manifest xmlns:android="http://schemas.android.com/apk/res/android"
3    package="opencv.org"
4    android:versionCode="1"
5    android:versionName="1.0" >
6
7    <uses-sdk
8        android:minSdkVersion="26"
8-->src/main/AndroidManifest.xml
9        android:targetSdkVersion="31" />
9-->src/main/AndroidManifest.xml
10
11    <uses-permission android:name="android.permission.RECORD_AUDIO" />
11-->src/main/AndroidManifest.xml:5:5-71
11-->src/main/AndroidManifest.xml:5:22-68
12    <uses-permission android:name="android.permission.CAMERA" />
12-->src/main/AndroidManifest.xml:6:5-64
12-->src/main/AndroidManifest.xml:6:22-62
13
14    <uses-feature android:name="android.hardware.camera" />
14-->src/main/AndroidManifest.xml:7:5-59
14-->src/main/AndroidManifest.xml:7:19-57
15    <uses-feature android:name="android.hardware.camera.autofocus" />
15-->src/main/AndroidManifest.xml:8:5-69
15-->src/main/AndroidManifest.xml:8:19-67
16    <uses-feature android:name="android.hardware.camera.front" />
16-->src/main/AndroidManifest.xml:9:5-65
16-->src/main/AndroidManifest.xml:9:19-63
17
18    <uses-permission android:name="android.permission.VIBRATE" />
18-->src/main/AndroidManifest.xml:11:5-66
18-->src/main/AndroidManifest.xml:11:22-63
19    <uses-permission android:name="android.permission.WRITE_EXTERNAL_STORAGE" />
20    <uses-permission android:name="android.permission.READ_PHONE_STATE" />
21    <uses-permission android:name="android.permission.READ_EXTERNAL_STORAGE" />
22
23    <application
23-->src/main/AndroidManifest.xml:12:5-50:19
24        android:allowBackup="false"
24-->src/main/AndroidManifest.xml:13:9-36
25        android:appComponentFactory="androidx.core.app.CoreComponentFactory"
25-->[androidx.core:core:1.5.0] AndroidManifest.xml:24:18-86
26        android:debuggable="true"
27        android:extractNativeLibs="false"
28        android:hardwareAccelerated="true"
28-->src/main/AndroidManifest.xml:14:9-43
29        android:icon="@mipmap/app_icon"
29-->src/main/AndroidManifest.xml:15:9-40
30        android:label="@string/app_name"
30-->src/main/AndroidManifest.xml:16:9-41
31        android:roundIcon="@mipmap/app_icon_round"
31-->src/main/AndroidManifest.xml:17:9-51
32        android:screenOrientation="portrait"
32-->src/main/AndroidManifest.xml:18:9-45
33        android:supportsRtl="true"
33-->src/main/AndroidManifest.xml:19:9-35
34        android:testOnly="true"
35        android:theme="@style/AppTheme.NoActionBar" >
35-->src/main/AndroidManifest.xml:20:9-52
36        <activity
36-->src/main/AndroidManifest.xml:21:9-25:51
37            android:name="com.gmail.aa.DigitalVisionActivity"
37-->src/main/AndroidManifest.xml:22:13-50
38            android:exported="true"
38-->src/main/AndroidManifest.xml:23:13-36
39            android:noHistory="true"
39-->src/main/AndroidManifest.xml:24:13-37
40            android:screenOrientation="portrait" />
40-->src/main/AndroidManifest.xml:25:13-49
41        <activity
41-->src/main/AndroidManifest.xml:26:9-30:51
42            android:name="com.gmail.aa.DigitalAudioActivity"
42-->src/main/AndroidManifest.xml:27:13-49
43            android:exported="true"
43-->src/main/AndroidManifest.xml:28:13-36
44            android:noHistory="true"
44-->src/main/AndroidManifest.xml:29:13-37
45            android:screenOrientation="portrait" />
45-->src/main/AndroidManifest.xml:30:13-49
46        <activity
46-->src/main/AndroidManifest.xml:31:9-41:20
47            android:name="com.gmail.aa.SplashActivity"
47-->src/main/AndroidManifest.xml:32:13-43
48            android:exported="true"
48-->src/main/AndroidManifest.xml:33:13-36
49            android:noHistory="true"
49-->src/main/AndroidManifest.xml:34:13-37
50            android:screenOrientation="portrait" >
50-->src/main/AndroidManifest.xml:35:13-49
51            <intent-filter>
51-->src/main/AndroidManifest.xml:36:13-40:29
52                <action android:name="android.intent.action.MAIN" />
52-->src/main/AndroidManifest.xml:37:17-69
52-->src/main/AndroidManifest.xml:37:25-66
53
54                <category android:name="android.intent.category.LAUNCHER" />
54-->src/main/AndroidManifest.xml:39:17-77
54-->src/main/AndroidManifest.xml:39:27-74
55            </intent-filter>
56        </activity>
57        <activity
57-->src/main/AndroidManifest.xml:42:9-45:51
58            android:name="com.gmail.aa.HomePage"
58-->src/main/AndroidManifest.xml:43:13-37
59            android:label="@string/title_activity_home_page"
59-->src/main/AndroidManifest.xml:44:13-61
60            android:screenOrientation="portrait" />
60-->src/main/AndroidManifest.xml:45:13-49
61
62        <meta-data
62-->src/main/AndroidManifest.xml:47:9-49:57
63            android:name="preloaded_fonts"
63-->src/main/AndroidManifest.xml:48:13-43
64            android:resource="@array/preloaded_fonts" />
64-->src/main/AndroidManifest.xml:49:13-54
65    </application>
66
67</manifest>